Classic Timing Analyzer report for Q2
Tue Dec 06 22:26:36 2022
Quartus II Version 8.0 Build 231 07/10/2008 Service Pack 1 SJ Web Edition


---------------------
; Table of Contents ;
---------------------
  1. Legal Notice
  2. Timing Analyzer Summary
  3. Timing Analyzer Settings
  4. Clock Settings Summary
  5. Clock Setup: 'cl'
  6. tco
  7. Timing Analyzer Messages



----------------
; Legal Notice ;
----------------
Copyright (C) 1991-2008 Altera Corporation
Your use of Altera Corporation's design tools, logic functions 
and other software and tools, and its AMPP partner logic 
functions, and any output files from any of the foregoing 
(including device programming or simulation files), and any 
associated documentation or information are expressly subject 
to the terms and conditions of the Altera Program License 
Subscription Agreement, Altera MegaCore Function License 
Agreement, or other applicable license agreement, including, 
without limitation, that your use is for the sole purpose of 
programming logic devices manufactured by Altera and sold by 
Altera or its authorized distributors.  Please refer to the 
applicable agreement for further details.



+------------------------------------------------------------------------------------------------------------------------------------------------------------------+
; Timing Analyzer Summary                                                                                                                                          ;
+------------------------------+-------+---------------+------------------------------------------------+---------+---------+------------+----------+--------------+
; Type                         ; Slack ; Required Time ; Actual Time                                    ; From    ; To      ; From Clock ; To Clock ; Failed Paths ;
+------------------------------+-------+---------------+------------------------------------------------+---------+---------+------------+----------+--------------+
; Worst-case tco               ; N/A   ; None          ; 6.120 ns                                       ; jk:U1|Q ; q1      ; cl         ; --       ; 0            ;
; Clock Setup: 'cl'            ; N/A   ; None          ; Restricted to 500.00 MHz ( period = 2.000 ns ) ; jk:U2|Q ; jk:U3|Q ; cl         ; cl       ; 0            ;
; Total number of failed paths ;       ;               ;                                                ;         ;         ;            ;          ; 0            ;
+------------------------------+-------+---------------+------------------------------------------------+---------+---------+------------+----------+--------------+


+--------------------------------------------------------------------------------------------------------------------+
; Timing Analyzer Settings                                                                                           ;
+---------------------------------------------------------------------+--------------------+------+----+-------------+
; Option                                                              ; Setting            ; From ; To ; Entity Name ;
+---------------------------------------------------------------------+--------------------+------+----+-------------+
; Device Name                                                         ; EP2S15F484C3       ;      ;    ;             ;
; Timing Models                                                       ; Final              ;      ;    ;             ;
; Default hold multicycle                                             ; Same as Multicycle ;      ;    ;             ;
; Cut paths between unrelated clock domains                           ; On                 ;      ;    ;             ;
; Cut off read during write signal paths                              ; On                 ;      ;    ;             ;
; Cut off feedback from I/O pins                                      ; On                 ;      ;    ;             ;
; Report Combined Fast/Slow Timing                                    ; Off                ;      ;    ;             ;
; Ignore Clock Settings                                               ; Off                ;      ;    ;             ;
; Analyze latches as synchronous elements                             ; On                 ;      ;    ;             ;
; Enable Recovery/Removal analysis                                    ; Off                ;      ;    ;             ;
; Enable Clock Latency                                                ; Off                ;      ;    ;             ;
; Use TimeQuest Timing Analyzer                                       ; Off                ;      ;    ;             ;
; Number of source nodes to report per destination node               ; 10                 ;      ;    ;             ;
; Number of destination nodes to report                               ; 10                 ;      ;    ;             ;
; Number of paths to report                                           ; 200                ;      ;    ;             ;
; Report Minimum Timing Checks                                        ; Off                ;      ;    ;             ;
; Use Fast Timing Models                                              ; Off                ;      ;    ;             ;
; Report IO Paths Separately                                          ; Off                ;      ;    ;             ;
; Perform Multicorner Analysis                                        ; On                 ;      ;    ;             ;
; Reports the worst-case path for each clock domain and analysis      ; Off                ;      ;    ;             ;
; Removes common clock path pessimism (CCPP) during slack computation ; Off                ;      ;    ;             ;
+---------------------------------------------------------------------+--------------------+------+----+-------------+


+------------------------------------------------------------------------------------------------------------------------------------------------------------------------------------+
; Clock Settings Summary                                                                                                                                                             ;
+-----------------+--------------------+----------+------------------+---------------+--------------+----------+-----------------------+---------------------+--------+--------------+
; Clock Node Name ; Clock Setting Name ; Type     ; Fmax Requirement ; Early Latency ; Late Latency ; Based on ; Multiply Base Fmax by ; Divide Base Fmax by ; Offset ; Phase offset ;
+-----------------+--------------------+----------+------------------+---------------+--------------+----------+-----------------------+---------------------+--------+--------------+
; cl              ;                    ; User Pin ; None             ; 0.000 ns      ; 0.000 ns     ; --       ; N/A                   ; N/A                 ; N/A    ;              ;
+-----------------+--------------------+----------+------------------+---------------+--------------+----------+-----------------------+---------------------+--------+--------------+


+----------------------------------------------------------------------------------------------------------------------------------------------------------------------------------------+
; Clock Setup: 'cl'                                                                                                                                                                      ;
+-------+------------------------------------------------+---------+---------+------------+----------+-----------------------------+---------------------------+-------------------------+
; Slack ; Actual fmax (period)                           ; From    ; To      ; From Clock ; To Clock ; Required Setup Relationship ; Required Longest P2P Time ; Actual Longest P2P Time ;
+-------+------------------------------------------------+---------+---------+------------+----------+-----------------------------+---------------------------+-------------------------+
; N/A   ; Restricted to 500.00 MHz ( period = 2.000 ns ) ; jk:U2|Q ; jk:U3|Q ; cl         ; cl       ; None                        ; None                      ; 0.525 ns                ;
; N/A   ; Restricted to 500.00 MHz ( period = 2.000 ns ) ; jk:U3|Q ; jk:U0|Q ; cl         ; cl       ; None                        ; None                      ; 0.521 ns                ;
; N/A   ; Restricted to 500.00 MHz ( period = 2.000 ns ) ; jk:U0|Q ; jk:U1|Q ; cl         ; cl       ; None                        ; None                      ; 0.417 ns                ;
; N/A   ; Restricted to 500.00 MHz ( period = 2.000 ns ) ; jk:U1|Q ; jk:U2|Q ; cl         ; cl       ; None                        ; None                      ; 0.415 ns                ;
+-------+------------------------------------------------+---------+---------+------------+----------+-----------------------------+---------------------------+-------------------------+


+---------------------------------------------------------------+
; tco                                                           ;
+-------+--------------+------------+---------+----+------------+
; Slack ; Required tco ; Actual tco ; From    ; To ; From Clock ;
+-------+--------------+------------+---------+----+------------+
; N/A   ; None         ; 6.120 ns   ; jk:U1|Q ; q1 ; cl         ;
; N/A   ; None         ; 6.070 ns   ; jk:U3|Q ; q3 ; cl         ;
; N/A   ; None         ; 6.028 ns   ; jk:U0|Q ; q0 ; cl         ;
; N/A   ; None         ; 5.796 ns   ; jk:U2|Q ; q2 ; cl         ;
+-------+--------------+------------+---------+----+------------+


+--------------------------+
; Timing Analyzer Messages ;
+--------------------------+
Info: *******************************************************************
Info: Running Quartus II Classic Timing Analyzer
    Info: Version 8.0 Build 231 07/10/2008 Service Pack 1 SJ Web Edition
    Info: Processing started: Tue Dec 06 22:26:36 2022
Info: Command: quartus_tan --read_settings_files=off --write_settings_files=off Q2 -c Q2 --timing_analysis_only
Warning: Found pins functioning as undefined clocks and/or memory enables
    Info: Assuming node "cl" is an undefined clock
Info: Clock "cl" Internal fmax is restricted to 500.0 MHz between source register "jk:U2|Q" and destination register "jk:U3|Q"
    Info: fmax restricted to clock pin edge rate 2.0 ns. Expand message to see actual delay path.
        Info: + Longest register to register delay is 0.525 ns
            Info: 1: + IC(0.000 ns) + CELL(0.000 ns) = 0.000 ns; Loc. = LCFF_X21_Y12_N23; Fanout = 2; REG Node = 'jk:U2|Q'
            Info: 2: + IC(0.216 ns) + CELL(0.309 ns) = 0.525 ns; Loc. = LCFF_X21_Y12_N19; Fanout = 2; REG Node = 'jk:U3|Q'
            Info: Total cell delay = 0.309 ns ( 58.86 % )
            Info: Total interconnect delay = 0.216 ns ( 41.14 % )
        Info: - Smallest clock skew is 0.000 ns
            Info: + Shortest clock path from clock "cl" to destination register is 2.481 ns
                Info: 1: + IC(0.000 ns) + CELL(0.854 ns) = 0.854 ns; Loc. = PIN_N20; Fanout = 1; CLK Node = 'cl'
                Info: 2: + IC(0.343 ns) + CELL(0.000 ns) = 1.197 ns; Loc. = CLKCTRL_G3; Fanout = 4; COMB Node = 'cl~clkctrl'
                Info: 3: + IC(0.666 ns) + CELL(0.618 ns) = 2.481 ns; Loc. = LCFF_X21_Y12_N19; Fanout = 2; REG Node = 'jk:U3|Q'
                Info: Total cell delay = 1.472 ns ( 59.33 % )
                Info: Total interconnect delay = 1.009 ns ( 40.67 % )
            Info: - Longest clock path from clock "cl" to source register is 2.481 ns
                Info: 1: + IC(0.000 ns) + CELL(0.854 ns) = 0.854 ns; Loc. = PIN_N20; Fanout = 1; CLK Node = 'cl'
                Info: 2: + IC(0.343 ns) + CELL(0.000 ns) = 1.197 ns; Loc. = CLKCTRL_G3; Fanout = 4; COMB Node = 'cl~clkctrl'
                Info: 3: + IC(0.666 ns) + CELL(0.618 ns) = 2.481 ns; Loc. = LCFF_X21_Y12_N23; Fanout = 2; REG Node = 'jk:U2|Q'
                Info: Total cell delay = 1.472 ns ( 59.33 % )
                Info: Total interconnect delay = 1.009 ns ( 40.67 % )
        Info: + Micro clock to output delay of source is 0.094 ns
        Info: + Micro setup delay of destination is 0.090 ns
Info: tco from clock "cl" to destination pin "q1" through register "jk:U1|Q" is 6.120 ns
    Info: + Longest clock path from clock "cl" to source register is 2.481 ns
        Info: 1: + IC(0.000 ns) + CELL(0.854 ns) = 0.854 ns; Loc. = PIN_N20; Fanout = 1; CLK Node = 'cl'
        Info: 2: + IC(0.343 ns) + CELL(0.000 ns) = 1.197 ns; Loc. = CLKCTRL_G3; Fanout = 4; COMB Node = 'cl~clkctrl'
        Info: 3: + IC(0.666 ns) + CELL(0.618 ns) = 2.481 ns; Loc. = LCFF_X21_Y12_N21; Fanout = 2; REG Node = 'jk:U1|Q'
        Info: Total cell delay = 1.472 ns ( 59.33 % )
        Info: Total interconnect delay = 1.009 ns ( 40.67 % )
    Info: + Micro clock to output delay of source is 0.094 ns
    Info: + Longest register to pin delay is 3.545 ns
        Info: 1: + IC(0.000 ns) + CELL(0.000 ns) = 0.000 ns; Loc. = LCFF_X21_Y12_N21; Fanout = 2; REG Node = 'jk:U1|Q'
        Info: 2: + IC(1.547 ns) + CELL(1.998 ns) = 3.545 ns; Loc. = PIN_C12; Fanout = 0; PIN Node = 'q1'
        Info: Total cell delay = 1.998 ns ( 56.36 % )
        Info: Total interconnect delay = 1.547 ns ( 43.64 % )
Info: Quartus II Classic Timing Analyzer was successful. 0 errors, 1 warning
    Info: Peak virtual memory: 189 megabytes
    Info: Processing ended: Tue Dec 06 22:26:37 2022
    Info: Elapsed time: 00:00:01
    Info: Total CPU time (on all processors): 00:00:00


